c:\users\alexa\source\repos\armasqfexecuterwindows\release\armasqfexecuterwindows.lib
c:\users\alexa\source\repos\armasqfexecuterwindows\release\armasqfexecuterwindows.exp
c:\users\alexa\source\repos\armasqfexecuterwindows\armasqfexecuterwindows\release\vc142.pdb
c:\users\alexa\source\repos\armasqfexecuterwindows\armasqfexecuterwindows\release\server.obj
c:\users\alexa\source\repos\armasqfexecuterwindows\armasqfexecuterwindows\release\dllmain.obj
c:\users\alexa\source\repos\armasqfexecuterwindows\release\armasqfexecuterwindows.dll
c:\users\alexa\source\repos\armasqfexecuterwindows\armasqfexecuterwindows\release\armasqfexecuterwindows.ipdb
c:\users\alexa\source\repos\armasqfexecuterwindows\armasqfexecuterwindows\release\armasqfexecuterwindows.iobj
c:\users\alexa\source\repos\armasqfexecuterwindows\release\armasqfexecuterwindows.pdb
c:\users\alexa\source\repos\arma-remote-code-executor\armasqfexecuterwindows\release\dllmain.obj
c:\users\alexa\source\repos\arma-remote-code-executor\armasqfexecuterwindows\release\server.obj
c:\users\alexa\source\repos\arma-remote-code-executor\armasqfexecuterwindows\release\armasqfexecuterwindows.ipdb
c:\users\alexa\source\repos\arma-remote-code-executor\armasqfexecuterwindows\release\armasqfexecuterwindows.iobj
c:\users\alexa\source\repos\arma-remote-code-executor\armasqfexecuterwindows\release\vc142.pdb
c:\users\alexa\source\repos\arma-remote-code-executor\armasqfexecuterwindows\release\armasqfe.03695614.tlog\armasqfexecuterwindows.write.1u.tlog
c:\users\alexa\source\repos\arma-remote-code-executor\armasqfexecuterwindows\release\armasqfe.03695614.tlog\cl.command.1.tlog
c:\users\alexa\source\repos\arma-remote-code-executor\armasqfexecuterwindows\release\armasqfe.03695614.tlog\cl.read.1.tlog
c:\users\alexa\source\repos\arma-remote-code-executor\armasqfexecuterwindows\release\armasqfe.03695614.tlog\cl.write.1.tlog
c:\users\alexa\source\repos\arma-remote-code-executor\armasqfexecuterwindows\release\armasqfe.03695614.tlog\link.command.1.tlog
c:\users\alexa\source\repos\arma-remote-code-executor\armasqfexecuterwindows\release\armasqfe.03695614.tlog\link.read.1.tlog
c:\users\alexa\source\repos\arma-remote-code-executor\armasqfexecuterwindows\release\armasqfe.03695614.tlog\link.write.1.tlog
